g:\documents\github\mortal_kitchen\main\build\lib\lua\lua.dir\debug\vc120.pdb
g:\documents\github\mortal_kitchen\main\build\lib\lua\lua.dir\debug\lparser.obj
g:\documents\github\mortal_kitchen\main\build\lib\lua\lua.dir\debug\loslib.obj
g:\documents\github\mortal_kitchen\main\build\lib\lua\lua.dir\debug\lopcodes.obj
g:\documents\github\mortal_kitchen\main\build\lib\lua\lua.dir\debug\lobject.obj
g:\documents\github\mortal_kitchen\main\build\lib\lua\lua.dir\debug\loadlib.obj
g:\documents\github\mortal_kitchen\main\build\lib\lua\lua.dir\debug\lmem.obj
g:\documents\github\mortal_kitchen\main\build\lib\lua\lua.dir\debug\lmathlib.obj
g:\documents\github\mortal_kitchen\main\build\lib\lua\lua.dir\debug\llex.obj
g:\documents\github\mortal_kitchen\main\build\lib\lua\lua.dir\debug\liolib.obj
g:\documents\github\mortal_kitchen\main\build\lib\lua\lua.dir\debug\linit.obj
g:\documents\github\mortal_kitchen\main\build\lib\lua\lua.dir\debug\lgc.obj
g:\documents\github\mortal_kitchen\main\build\lib\lua\lua.dir\debug\lfunc.obj
g:\documents\github\mortal_kitchen\main\build\lib\lua\lua.dir\debug\ldump.obj
g:\documents\github\mortal_kitchen\main\build\lib\lua\lua.dir\debug\ldo.obj
g:\documents\github\mortal_kitchen\main\build\lib\lua\lua.dir\debug\ldebug.obj
g:\documents\github\mortal_kitchen\main\build\lib\lua\lua.dir\debug\ldblib.obj
g:\documents\github\mortal_kitchen\main\build\lib\lua\lua.dir\debug\lcode.obj
g:\documents\github\mortal_kitchen\main\build\lib\lua\lua.dir\debug\lbaselib.obj
g:\documents\github\mortal_kitchen\main\build\lib\lua\lua.dir\debug\lauxlib.obj
g:\documents\github\mortal_kitchen\main\build\lib\lua\lua.dir\debug\lapi.obj
g:\documents\github\mortal_kitchen\main\build\lib\lua\lua.dir\debug\print.obj
g:\documents\github\mortal_kitchen\main\build\lib\lua\lua.dir\debug\lzio.obj
g:\documents\github\mortal_kitchen\main\build\lib\lua\lua.dir\debug\lvm.obj
g:\documents\github\mortal_kitchen\main\build\lib\lua\lua.dir\debug\lundump.obj
g:\documents\github\mortal_kitchen\main\build\lib\lua\lua.dir\debug\ltm.obj
g:\documents\github\mortal_kitchen\main\build\lib\lua\lua.dir\debug\ltablib.obj
g:\documents\github\mortal_kitchen\main\build\lib\lua\lua.dir\debug\ltable.obj
g:\documents\github\mortal_kitchen\main\build\lib\lua\lua.dir\debug\lstrlib.obj
g:\documents\github\mortal_kitchen\main\build\lib\lua\lua.dir\debug\lstring.obj
g:\documents\github\mortal_kitchen\main\build\lib\lua\lua.dir\debug\lstate.obj
g:\documents\github\mortal_kitchen\main\build\lib\lua\cmakefiles\generate.stamp
g:\documents\github\mortal_kitchen\main\build\lib\lua\debug\lua-d.lib
g:\documents\github\mortal_kitchen\main\build\lib\lua\lua.dir\debug\lua.tlog\cl.command.1.tlog
g:\documents\github\mortal_kitchen\main\build\lib\lua\lua.dir\debug\lua.tlog\cl.read.1.tlog
g:\documents\github\mortal_kitchen\main\build\lib\lua\lua.dir\debug\lua.tlog\cl.write.1.tlog
g:\documents\github\mortal_kitchen\main\build\lib\lua\lua.dir\debug\lua.tlog\custombuild.command.1.tlog
g:\documents\github\mortal_kitchen\main\build\lib\lua\lua.dir\debug\lua.tlog\custombuild.read.1.tlog
g:\documents\github\mortal_kitchen\main\build\lib\lua\lua.dir\debug\lua.tlog\custombuild.write.1.tlog
g:\documents\github\mortal_kitchen\main\build\lib\lua\lua.dir\debug\lua.tlog\lib-link.read.1.tlog
g:\documents\github\mortal_kitchen\main\build\lib\lua\lua.dir\debug\lua.tlog\lib-link.write.1.tlog
g:\documents\github\mortal_kitchen\main\build\lib\lua\lua.dir\debug\lua.tlog\lib.command.1.tlog
