g:\documents\github\mortal_kitchen\main\build\src\mortal_kitchen\mortal_kitchen.dir\debug\vc120.pdb
g:\documents\github\mortal_kitchen\main\build\src\mortal_kitchen\mortal_kitchen.dir\debug\entity.obj
g:\documents\github\mortal_kitchen\main\build\src\mortal_kitchen\mortal_kitchen.dir\debug\tilemap.obj
g:\documents\github\mortal_kitchen\main\build\src\mortal_kitchen\mortal_kitchen.dir\debug\script.obj
g:\documents\github\mortal_kitchen\main\build\src\mortal_kitchen\mortal_kitchen.dir\debug\main.obj
g:\documents\github\mortal_kitchen\main\build\src\mortal_kitchen\cmakefiles\generate.stamp
g:\documents\github\mortal_kitchen\main\src-2015\debug\mortal_kitchen-d.ilk
g:\documents\github\mortal_kitchen\main\src-2015\debug\mortal_kitchen-d.exe
g:\documents\github\mortal_kitchen\main\src-2015\debug\mortal_kitchen-d.pdb
g:\documents\github\mortal_kitchen\main\build\src\mortal_kitchen\debug\mortal_kitchen-d.lib
g:\documents\github\mortal_kitchen\main\build\src\mortal_kitchen\debug\mortal_kitchen-d.exp
g:\documents\github\mortal_kitchen\main\build\src\mortal_kitchen\mortal_kitchen.dir\debug\mortal_kitchen.tlog\cl.command.1.tlog
g:\documents\github\mortal_kitchen\main\build\src\mortal_kitchen\mortal_kitchen.dir\debug\mortal_kitchen.tlog\cl.read.1.tlog
g:\documents\github\mortal_kitchen\main\build\src\mortal_kitchen\mortal_kitchen.dir\debug\mortal_kitchen.tlog\cl.write.1.tlog
g:\documents\github\mortal_kitchen\main\build\src\mortal_kitchen\mortal_kitchen.dir\debug\mortal_kitchen.tlog\custombuild.command.1.tlog
g:\documents\github\mortal_kitchen\main\build\src\mortal_kitchen\mortal_kitchen.dir\debug\mortal_kitchen.tlog\custombuild.read.1.tlog
g:\documents\github\mortal_kitchen\main\build\src\mortal_kitchen\mortal_kitchen.dir\debug\mortal_kitchen.tlog\custombuild.write.1.tlog
g:\documents\github\mortal_kitchen\main\build\src\mortal_kitchen\mortal_kitchen.dir\debug\mortal_kitchen.tlog\link.command.1.tlog
g:\documents\github\mortal_kitchen\main\build\src\mortal_kitchen\mortal_kitchen.dir\debug\mortal_kitchen.tlog\link.read.1.tlog
g:\documents\github\mortal_kitchen\main\build\src\mortal_kitchen\mortal_kitchen.dir\debug\mortal_kitchen.tlog\link.write.1.tlog
g:\documents\github\mortal_kitchen\main\build\src\mortal_kitchen\mortal_kitchen.dir\debug\mortal_kitchen.tlog\mortal_kitchen.write.1u.tlog
