Build started 31/03/2015 15:07:43.
     1>Project "G:\Documents\GitHub\Mortal_Kitchen\Main\BUILD\src\Mortal_Kitchen\Mortal_Kitchen.vcxproj" on node 3 (Rebuild target(s)).
     1>CustomBuild:
         Building Custom Rule G:/Documents/GitHub/Mortal_Kitchen/Main/src-2015/src/Mortal_Kitchen/CMakeLists.txt
         CMake does not need to re-run because G:\Documents\GitHub\Mortal_Kitchen\Main\BUILD\src\Mortal_Kitchen\CMakeFiles\generate.stamp is up-to-date.
       ClCompile:
         G:\Programmes Files\Visual Studio\VC\bin\CL.exe /c /I"G:\Documents\GitHub\Mortal_Kitchen\Main\src-2015\..\LibSL-bin-win32\src" /I"G:\Documents\GitHub\Mortal_Kitchen\Main\src-2015\..\LibSL-bin-win32\src\LibSL" /I"G:\Documents\GitHub\Mortal_Kitchen\Main\src-2015\..\LibSL-bin-win32\src\libs\src" /I"G:\Documents\GitHub\Mortal_Kitchen\Main\src-2015\..\LibSL-bin-win32\src\libs\src\loki\include" /I"G:\Documents\GitHub\Mortal_Kitchen\Main\src-2015\..\LibSL-bin-win32\src\libs\src\tclap\include" /I"G:\Documents\GitHub\Mortal_Kitchen\Main\src-2015\..\LibSL-bin-win32\src\libs\src\glux\src" /I"G:\Documents\GitHub\Mortal_Kitchen\Main\src-2015\..\LibSL-bin-win32\src\libs\src\png" /I"G:\Documents\GitHub\Mortal_Kitchen\Main\src-2015\..\LibSL-bin-win32\src\libs\src\jpeg" /I"G:\Documents\GitHub\Mortal_Kitchen\Main\src-2015\..\LibSL-bin-win32\src\libs\src\zlib" /I"G:\Documents\GitHub\Mortal_Kitchen\Main\src-2015\..\LibSL-bin-win32\src\libs\src\newmat" /I"G:\Documents\GitHub\Mortal_Kitchen\Main\src-2015\..\LibSL-bin-win32\src\libs\src\tinyxml" /I"G:\Documents\GitHub\Mortal_Kitchen\Main\src-2015\..\LibSL-bin-win32\src\libs\src\anttweakbar\include" /I"G:\Documents\GitHub\Mortal_Kitchen\Main\src-2015\..\LibSL-bin-win32\src\libs\src\OpenNL\src" /I"G:\Documents\GitHub\Mortal_Kitchen\Main\src-2015\..\LibSL-bin-win32\src\libs\bin\win32\TAUCS\include" /I"G:\Documents\GitHub\Mortal_Kitchen\Main\src-2015\..\LibSL-bin-win32\src\libs\src\SQLite" /I"G:\Documents\GitHub\Mortal_Kitchen\Main\src-2015\..\LibSL-bin-win32\src\libs\src\hashlibpp\src" /I\include /I\lib\x86 /I\Samples\C++\DXUT\Core /I"G:\Documents\GitHub\Mortal_Kitchen\Main\src-2015\common" /I"G:\Documents\GitHub\Mortal_Kitchen\Main\src-2015\lib\luabind" /I"G:\Documents\GitHub\Mortal_Kitchen\Main\src-2015\lib\lua\src" /I"G:\Documents\GitHub\Mortal_Kitchen\Main\src-2015\lib\boost" /I"G:\Documents\GitHub\Mortal_Kitchen\Main\src-2015\lib" /IG:\Documents\GitHub\Mortal_Kitchen\Main\BUILD\src\Mortal_Kitchen /Zi /nologo /W3 /WX- /Od /Ob0 /Oy- /D WIN32 /D _WINDOWS /D _DEBUG /D USE_GLUX /D UNICODE /D _UNICODE /D TW_STATIC /D TW_NO_LIB_PRAGMA /D "DATA_PATH=\"G:/Documents/GitHub/Mortal_Kitchen/Main/src-2015/data/\"" /D "SRC_PATH=\"G:/Documents/GitHub/Mortal_Kitchen/Main/src-2015/\"" /D "CMAKE_INTDIR=\"Debug\"" /D _UNICODE /D UNICODE /Gm- /EHsc /RTC1 /MDd /GS /fp:precise /Zc:wchar_t /Zc:forScope /GR /Fo"Mortal_Kitchen.dir\Debug\\" /Fd"Mortal_Kitchen.dir\Debug\vc120.pdb" /Gd /TP /analyze- /errorReport:prompt "G:\Documents\GitHub\Mortal_Kitchen\Main\src-2015\src\Mortal_Kitchen\main.cpp" "G:\Documents\GitHub\Mortal_Kitchen\Main\src-2015\src\Mortal_Kitchen\script.cpp" "G:\Documents\GitHub\Mortal_Kitchen\Main\src-2015\src\Mortal_Kitchen\tilemap.cpp" "G:\Documents\GitHub\Mortal_Kitchen\Main\src-2015\src\Mortal_Kitchen\entity.cpp"
         main.cpp
         Unknown compiler version - please run the configure tests and report the results
     1>G:\Documents\GitHub\Mortal_Kitchen\Main\src-2015\src\Mortal_Kitchen\main.cpp(97): warning C4244: 'argument' : conversion from 'int' to 'const float', possible loss of data
         script.cpp
         Unknown compiler version - please run the configure tests and report the results
     1>G:\Documents\GitHub\Mortal_Kitchen\Main\src-2015\src\Mortal_Kitchen\script.cpp(84): warning C4996: 'sprintf': This function or variable may be unsafe. Consider using sprintf_s instead. To disable deprecation, use _CRT_SECURE_NO_WARNINGS. See online help for details.
                 G:\Programmes Files\Visual Studio\VC\include\stdio.h(356) : see declaration of 'sprintf'
         tilemap.cpp
         Unknown compiler version - please run the configure tests and report the results
         entity.cpp
         Unknown compiler version - please run the configure tests and report the results
     1>G:\Documents\GitHub\Mortal_Kitchen\Main\src-2015\src\Mortal_Kitchen\entity.cpp(225): warning C4244: 'argument' : conversion from 'uint' to 'const float', possible loss of data
     1>G:\Documents\GitHub\Mortal_Kitchen\Main\src-2015\src\Mortal_Kitchen\entity.cpp(225): warning C4244: 'argument' : conversion from 'int' to 'const float', possible loss of data
         Generating Code...
     1>g:\documents\github\mortal_kitchen\main\src-2015\src\mortal_kitchen\entity.cpp(38): warning C4715: 'loadAnimation' : not all control paths return a value
       Link:
         G:\Programmes Files\Visual Studio\VC\bin\link.exe /ERRORREPORT:PROMPT /OUT:"G:\Documents\GitHub\Mortal_Kitchen\Main\src-2015\Mortal_Kitchen-d.exe" /INCREMENTAL /NOLOGO /LIBPATH:"G:/Documents/GitHub/Mortal_Kitchen/Main/src-2015/lib" /LIBPATH:"G:/Documents/GitHub/Mortal_Kitchen/Main/src-2015/lib/Debug" kernel32.lib user32.lib gdi32.lib winspool.lib shell32.lib ole32.lib oleaut32.lib uuid.lib comdlg32.lib advapi32.lib ..\..\common\Debug\common.lib "G:\Documents\GitHub\Mortal_Kitchen\Main\src-2015\..\LibSL-bin-win32\lib\LibSL-d.lib" "G:\Documents\GitHub\Mortal_Kitchen\Main\src-2015\..\LibSL-bin-win32\lib\jpeg-d.lib" "G:\Documents\GitHub\Mortal_Kitchen\Main\src-2015\..\LibSL-bin-win32\lib\png-d.lib" "G:\Documents\GitHub\Mortal_Kitchen\Main\src-2015\..\LibSL-bin-win32\lib\zlib-d.lib" "G:\Documents\GitHub\Mortal_Kitchen\Main\src-2015\..\LibSL-bin-win32\lib\loki-d.lib" "G:\Documents\GitHub\Mortal_Kitchen\Main\src-2015\..\LibSL-bin-win32\lib\3ds-d.lib" "G:\Documents\GitHub\Mortal_Kitchen\Main\src-2015\..\LibSL-bin-win32\lib\tinyxml-d.lib" "G:\Documents\GitHub\Mortal_Kitchen\Main\src-2015\..\LibSL-bin-win32\lib\hashlibpp-d.lib" winmm.lib psapi.lib shlwapi.lib "G:\Documents\GitHub\Mortal_Kitchen\Main\src-2015\..\LibSL-bin-win32\lib\LibSL_gl-d.lib" "G:\Documents\GitHub\Mortal_Kitchen\Main\src-2015\..\LibSL-bin-win32\lib\glux-d.lib" "G:\Documents\GitHub\Mortal_Kitchen\Main\src-2015\..\LibSL-bin-win32\lib\AntTweakBar-d.lib" glu32.lib opengl32.lib "..\..\lib\lua\Debug\lua-d.lib" "..\..\lib\luabind\Debug\luabind-d.lib" /MANIFEST /MANIFESTUAC:"level='asInvoker' uiAccess='false'" /manifest:embed /DEBUG /PDB:"G:/Documents/GitHub/Mortal_Kitchen/Main/src-2015/Mortal_Kitchen-d.pdb" /SUBSYSTEM:CONSOLE /TLBID:1 /DYNAMICBASE /NXCOMPAT /IMPLIB:"G:/Documents/GitHub/Mortal_Kitchen/Main/BUILD/src/Mortal_Kitchen/Debug/Mortal_Kitchen-d.lib" /MACHINE:X86 /SAFESEH  /machine:X86 /debug Mortal_Kitchen.dir\Debug\main.obj
         Mortal_Kitchen.dir\Debug\script.obj
         Mortal_Kitchen.dir\Debug\tilemap.obj
         Mortal_Kitchen.dir\Debug\entity.obj
            Creating library G:/Documents/GitHub/Mortal_Kitchen/Main/BUILD/src/Mortal_Kitchen/Debug/Mortal_Kitchen-d.lib and object G:/Documents/GitHub/Mortal_Kitchen/Main/BUILD/src/Mortal_Kitchen/Debug/Mortal_Kitchen-d.exp
     1>LibSL-d.lib(StlHelpers.obj) : warning LNK4099: PDB 'vc120.pdb' was not found with 'LibSL-d.lib(StlHelpers.obj)' or at 'G:\Documents\GitHub\Mortal_Kitchen\Main\src-2015\vc120.pdb'; linking object as if no debug info
     1>LibSL-d.lib(tga.obj) : warning LNK4099: PDB 'vc120.pdb' was not found with 'LibSL-d.lib(tga.obj)' or at 'G:\Documents\GitHub\Mortal_Kitchen\Main\src-2015\vc120.pdb'; linking object as if no debug info
     1>LibSL-d.lib(Image.obj) : warning LNK4099: PDB 'vc120.pdb' was not found with 'LibSL-d.lib(Image.obj)' or at 'G:\Documents\GitHub\Mortal_Kitchen\Main\src-2015\vc120.pdb'; linking object as if no debug info
     1>LibSL-d.lib(ImageFormat_PNG.obj) : warning LNK4099: PDB 'vc120.pdb' was not found with 'LibSL-d.lib(ImageFormat_PNG.obj)' or at 'G:\Documents\GitHub\Mortal_Kitchen\Main\src-2015\vc120.pdb'; linking object as if no debug info
     1>LibSL-d.lib(ImageFormat_JPG.obj) : warning LNK4099: PDB 'vc120.pdb' was not found with 'LibSL-d.lib(ImageFormat_JPG.obj)' or at 'G:\Documents\GitHub\Mortal_Kitchen\Main\src-2015\vc120.pdb'; linking object as if no debug info
     1>LibSL-d.lib(ImageFormat_TGA.obj) : warning LNK4099: PDB 'vc120.pdb' was not found with 'LibSL-d.lib(ImageFormat_TGA.obj)' or at 'G:\Documents\GitHub\Mortal_Kitchen\Main\src-2015\vc120.pdb'; linking object as if no debug info
     1>LibSL-d.lib(ImageFormat_float.obj) : warning LNK4099: PDB 'vc120.pdb' was not found with 'LibSL-d.lib(ImageFormat_float.obj)' or at 'G:\Documents\GitHub\Mortal_Kitchen\Main\src-2015\vc120.pdb'; linking object as if no debug info
     1>LibSL-d.lib(ImageFormat_pfm.obj) : warning LNK4099: PDB 'vc120.pdb' was not found with 'LibSL-d.lib(ImageFormat_pfm.obj)' or at 'G:\Documents\GitHub\Mortal_Kitchen\Main\src-2015\vc120.pdb'; linking object as if no debug info
     1>LibSL-d.lib(Vertex.obj) : warning LNK4099: PDB 'vc120.pdb' was not found with 'LibSL-d.lib(Vertex.obj)' or at 'G:\Documents\GitHub\Mortal_Kitchen\Main\src-2015\vc120.pdb'; linking object as if no debug info
     1>LibSL-d.lib(System.obj) : warning LNK4099: PDB 'vc120.pdb' was not found with 'LibSL-d.lib(System.obj)' or at 'G:\Documents\GitHub\Mortal_Kitchen\Main\src-2015\vc120.pdb'; linking object as if no debug info
     1>LibSL-d.lib(CppHelpers.obj) : warning LNK4099: PDB 'vc120.pdb' was not found with 'LibSL-d.lib(CppHelpers.obj)' or at 'G:\Documents\GitHub\Mortal_Kitchen\Main\src-2015\vc120.pdb'; linking object as if no debug info
     1>LibSL-d.lib(Math.obj) : warning LNK4099: PDB 'vc120.pdb' was not found with 'LibSL-d.lib(Math.obj)' or at 'G:\Documents\GitHub\Mortal_Kitchen\Main\src-2015\vc120.pdb'; linking object as if no debug info
     1>LibSL-d.lib(Mesh.obj) : warning LNK4099: PDB 'vc120.pdb' was not found with 'LibSL-d.lib(Mesh.obj)' or at 'G:\Documents\GitHub\Mortal_Kitchen\Main\src-2015\vc120.pdb'; linking object as if no debug info
     1>LibSL-d.lib(MeshFormat_3DS.obj) : warning LNK4099: PDB 'vc120.pdb' was not found with 'LibSL-d.lib(MeshFormat_3DS.obj)' or at 'G:\Documents\GitHub\Mortal_Kitchen\Main\src-2015\vc120.pdb'; linking object as if no debug info
     1>LibSL-d.lib(MeshFormat_OBJ.obj) : warning LNK4099: PDB 'vc120.pdb' was not found with 'LibSL-d.lib(MeshFormat_OBJ.obj)' or at 'G:\Documents\GitHub\Mortal_Kitchen\Main\src-2015\vc120.pdb'; linking object as if no debug info
     1>LibSL-d.lib(MeshFormat_wrl.obj) : warning LNK4099: PDB 'vc120.pdb' was not found with 'LibSL-d.lib(MeshFormat_wrl.obj)' or at 'G:\Documents\GitHub\Mortal_Kitchen\Main\src-2015\vc120.pdb'; linking object as if no debug info
     1>LibSL-d.lib(MeshFormat_mesh.obj) : warning LNK4099: PDB 'vc120.pdb' was not found with 'LibSL-d.lib(MeshFormat_mesh.obj)' or at 'G:\Documents\GitHub\Mortal_Kitchen\Main\src-2015\vc120.pdb'; linking object as if no debug info
     1>LibSL-d.lib(MeshFormat_map.obj) : warning LNK4099: PDB 'vc120.pdb' was not found with 'LibSL-d.lib(MeshFormat_map.obj)' or at 'G:\Documents\GitHub\Mortal_Kitchen\Main\src-2015\vc120.pdb'; linking object as if no debug info
     1>LibSL-d.lib(MeshFormat_proc.obj) : warning LNK4099: PDB 'vc120.pdb' was not found with 'LibSL-d.lib(MeshFormat_proc.obj)' or at 'G:\Documents\GitHub\Mortal_Kitchen\Main\src-2015\vc120.pdb'; linking object as if no debug info
     1>LibSL-d.lib(MeshFormat_dae.obj) : warning LNK4099: PDB 'vc120.pdb' was not found with 'LibSL-d.lib(MeshFormat_dae.obj)' or at 'G:\Documents\GitHub\Mortal_Kitchen\Main\src-2015\vc120.pdb'; linking object as if no debug info
     1>LibSL-d.lib(MeshFormat_stl.obj) : warning LNK4099: PDB 'vc120.pdb' was not found with 'LibSL-d.lib(MeshFormat_stl.obj)' or at 'G:\Documents\GitHub\Mortal_Kitchen\Main\src-2015\vc120.pdb'; linking object as if no debug info
     1>LibSL-d.lib(MeshFormat_off.obj) : warning LNK4099: PDB 'vc120.pdb' was not found with 'LibSL-d.lib(MeshFormat_off.obj)' or at 'G:\Documents\GitHub\Mortal_Kitchen\Main\src-2015\vc120.pdb'; linking object as if no debug info
     1>LibSL-d.lib(VertexFormat_dynamic.obj) : warning LNK4099: PDB 'vc120.pdb' was not found with 'LibSL-d.lib(VertexFormat_dynamic.obj)' or at 'G:\Documents\GitHub\Mortal_Kitchen\Main\src-2015\vc120.pdb'; linking object as if no debug info
     1>jpeg-d.lib(jcapimin.obj) : warning LNK4099: PDB 'vc120.pdb' was not found with 'jpeg-d.lib(jcapimin.obj)' or at 'G:\Documents\GitHub\Mortal_Kitchen\Main\src-2015\vc120.pdb'; linking object as if no debug info
     1>jpeg-d.lib(jcapistd.obj) : warning LNK4099: PDB 'vc120.pdb' was not found with 'jpeg-d.lib(jcapistd.obj)' or at 'G:\Documents\GitHub\Mortal_Kitchen\Main\src-2015\vc120.pdb'; linking object as if no debug info
     1>jpeg-d.lib(jccoefct.obj) : warning LNK4099: PDB 'vc120.pdb' was not found with 'jpeg-d.lib(jccoefct.obj)' or at 'G:\Documents\GitHub\Mortal_Kitchen\Main\src-2015\vc120.pdb'; linking object as if no debug info
     1>jpeg-d.lib(jccolor.obj) : warning LNK4099: PDB 'vc120.pdb' was not found with 'jpeg-d.lib(jccolor.obj)' or at 'G:\Documents\GitHub\Mortal_Kitchen\Main\src-2015\vc120.pdb'; linking object as if no debug info
     1>jpeg-d.lib(jcdctmgr.obj) : warning LNK4099: PDB 'vc120.pdb' was not found with 'jpeg-d.lib(jcdctmgr.obj)' or at 'G:\Documents\GitHub\Mortal_Kitchen\Main\src-2015\vc120.pdb'; linking object as if no debug info
     1>jpeg-d.lib(jchuff.obj) : warning LNK4099: PDB 'vc120.pdb' was not found with 'jpeg-d.lib(jchuff.obj)' or at 'G:\Documents\GitHub\Mortal_Kitchen\Main\src-2015\vc120.pdb'; linking object as if no debug info
     1>jpeg-d.lib(jcinit.obj) : warning LNK4099: PDB 'vc120.pdb' was not found with 'jpeg-d.lib(jcinit.obj)' or at 'G:\Documents\GitHub\Mortal_Kitchen\Main\src-2015\vc120.pdb'; linking object as if no debug info
     1>jpeg-d.lib(jcmainct.obj) : warning LNK4099: PDB 'vc120.pdb' was not found with 'jpeg-d.lib(jcmainct.obj)' or at 'G:\Documents\GitHub\Mortal_Kitchen\Main\src-2015\vc120.pdb'; linking object as if no debug info
     1>jpeg-d.lib(jcmarker.obj) : warning LNK4099: PDB 'vc120.pdb' was not found with 'jpeg-d.lib(jcmarker.obj)' or at 'G:\Documents\GitHub\Mortal_Kitchen\Main\src-2015\vc120.pdb'; linking object as if no debug info
     1>jpeg-d.lib(jcmaster.obj) : warning LNK4099: PDB 'vc120.pdb' was not found with 'jpeg-d.lib(jcmaster.obj)' or at 'G:\Documents\GitHub\Mortal_Kitchen\Main\src-2015\vc120.pdb'; linking object as if no debug info
     1>jpeg-d.lib(jcomapi.obj) : warning LNK4099: PDB 'vc120.pdb' was not found with 'jpeg-d.lib(jcomapi.obj)' or at 'G:\Documents\GitHub\Mortal_Kitchen\Main\src-2015\vc120.pdb'; linking object as if no debug info
     1>jpeg-d.lib(jcparam.obj) : warning LNK4099: PDB 'vc120.pdb' was not found with 'jpeg-d.lib(jcparam.obj)' or at 'G:\Documents\GitHub\Mortal_Kitchen\Main\src-2015\vc120.pdb'; linking object as if no debug info
     1>jpeg-d.lib(jcphuff.obj) : warning LNK4099: PDB 'vc120.pdb' was not found with 'jpeg-d.lib(jcphuff.obj)' or at 'G:\Documents\GitHub\Mortal_Kitchen\Main\src-2015\vc120.pdb'; linking object as if no debug info
     1>jpeg-d.lib(jcprepct.obj) : warning LNK4099: PDB 'vc120.pdb' was not found with 'jpeg-d.lib(jcprepct.obj)' or at 'G:\Documents\GitHub\Mortal_Kitchen\Main\src-2015\vc120.pdb'; linking object as if no debug info
     1>jpeg-d.lib(jcsample.obj) : warning LNK4099: PDB 'vc120.pdb' was not found with 'jpeg-d.lib(jcsample.obj)' or at 'G:\Documents\GitHub\Mortal_Kitchen\Main\src-2015\vc120.pdb'; linking object as if no debug info
     1>jpeg-d.lib(jdapimin.obj) : warning LNK4099: PDB 'vc120.pdb' was not found with 'jpeg-d.lib(jdapimin.obj)' or at 'G:\Documents\GitHub\Mortal_Kitchen\Main\src-2015\vc120.pdb'; linking object as if no debug info
     1>jpeg-d.lib(jdapistd.obj) : warning LNK4099: PDB 'vc120.pdb' was not found with 'jpeg-d.lib(jdapistd.obj)' or at 'G:\Documents\GitHub\Mortal_Kitchen\Main\src-2015\vc120.pdb'; linking object as if no debug info
     1>jpeg-d.lib(jdatadst.obj) : warning LNK4099: PDB 'vc120.pdb' was not found with 'jpeg-d.lib(jdatadst.obj)' or at 'G:\Documents\GitHub\Mortal_Kitchen\Main\src-2015\vc120.pdb'; linking object as if no debug info
     1>jpeg-d.lib(jdatasrc.obj) : warning LNK4099: PDB 'vc120.pdb' was not found with 'jpeg-d.lib(jdatasrc.obj)' or at 'G:\Documents\GitHub\Mortal_Kitchen\Main\src-2015\vc120.pdb'; linking object as if no debug info
     1>jpeg-d.lib(jdcoefct.obj) : warning LNK4099: PDB 'vc120.pdb' was not found with 'jpeg-d.lib(jdcoefct.obj)' or at 'G:\Documents\GitHub\Mortal_Kitchen\Main\src-2015\vc120.pdb'; linking object as if no debug info
     1>jpeg-d.lib(jdcolor.obj) : warning LNK4099: PDB 'vc120.pdb' was not found with 'jpeg-d.lib(jdcolor.obj)' or at 'G:\Documents\GitHub\Mortal_Kitchen\Main\src-2015\vc120.pdb'; linking object as if no debug info
     1>jpeg-d.lib(jddctmgr.obj) : warning LNK4099: PDB 'vc120.pdb' was not found with 'jpeg-d.lib(jddctmgr.obj)' or at 'G:\Documents\GitHub\Mortal_Kitchen\Main\src-2015\vc120.pdb'; linking object as if no debug info
     1>jpeg-d.lib(jdhuff.obj) : warning LNK4099: PDB 'vc120.pdb' was not found with 'jpeg-d.lib(jdhuff.obj)' or at 'G:\Documents\GitHub\Mortal_Kitchen\Main\src-2015\vc120.pdb'; linking object as if no debug info
     1>jpeg-d.lib(jdinput.obj) : warning LNK4099: PDB 'vc120.pdb' was not found with 'jpeg-d.lib(jdinput.obj)' or at 'G:\Documents\GitHub\Mortal_Kitchen\Main\src-2015\vc120.pdb'; linking object as if no debug info
     1>jpeg-d.lib(jdmainct.obj) : warning LNK4099: PDB 'vc120.pdb' was not found with 'jpeg-d.lib(jdmainct.obj)' or at 'G:\Documents\GitHub\Mortal_Kitchen\Main\src-2015\vc120.pdb'; linking object as if no debug info
     1>jpeg-d.lib(jdmarker.obj) : warning LNK4099: PDB 'vc120.pdb' was not found with 'jpeg-d.lib(jdmarker.obj)' or at 'G:\Documents\GitHub\Mortal_Kitchen\Main\src-2015\vc120.pdb'; linking object as if no debug info
     1>jpeg-d.lib(jdmaster.obj) : warning LNK4099: PDB 'vc120.pdb' was not found with 'jpeg-d.lib(jdmaster.obj)' or at 'G:\Documents\GitHub\Mortal_Kitchen\Main\src-2015\vc120.pdb'; linking object as if no debug info
     1>jpeg-d.lib(jdmerge.obj) : warning LNK4099: PDB 'vc120.pdb' was not found with 'jpeg-d.lib(jdmerge.obj)' or at 'G:\Documents\GitHub\Mortal_Kitchen\Main\src-2015\vc120.pdb'; linking object as if no debug info
     1>jpeg-d.lib(jdphuff.obj) : warning LNK4099: PDB 'vc120.pdb' was not found with 'jpeg-d.lib(jdphuff.obj)' or at 'G:\Documents\GitHub\Mortal_Kitchen\Main\src-2015\vc120.pdb'; linking object as if no debug info
     1>jpeg-d.lib(jdpostct.obj) : warning LNK4099: PDB 'vc120.pdb' was not found with 'jpeg-d.lib(jdpostct.obj)' or at 'G:\Documents\GitHub\Mortal_Kitchen\Main\src-2015\vc120.pdb'; linking object as if no debug info
     1>jpeg-d.lib(jdsample.obj) : warning LNK4099: PDB 'vc120.pdb' was not found with 'jpeg-d.lib(jdsample.obj)' or at 'G:\Documents\GitHub\Mortal_Kitchen\Main\src-2015\vc120.pdb'; linking object as if no debug info
     1>jpeg-d.lib(jerror.obj) : warning LNK4099: PDB 'vc120.pdb' was not found with 'jpeg-d.lib(jerror.obj)' or at 'G:\Documents\GitHub\Mortal_Kitchen\Main\src-2015\vc120.pdb'; linking object as if no debug info
     1>jpeg-d.lib(jfdctflt.obj) : warning LNK4099: PDB 'vc120.pdb' was not found with 'jpeg-d.lib(jfdctflt.obj)' or at 'G:\Documents\GitHub\Mortal_Kitchen\Main\src-2015\vc120.pdb'; linking object as if no debug info
     1>jpeg-d.lib(jfdctfst.obj) : warning LNK4099: PDB 'vc120.pdb' was not found with 'jpeg-d.lib(jfdctfst.obj)' or at 'G:\Documents\GitHub\Mortal_Kitchen\Main\src-2015\vc120.pdb'; linking object as if no debug info
     1>jpeg-d.lib(jfdctint.obj) : warning LNK4099: PDB 'vc120.pdb' was not found with 'jpeg-d.lib(jfdctint.obj)' or at 'G:\Documents\GitHub\Mortal_Kitchen\Main\src-2015\vc120.pdb'; linking object as if no debug info
     1>jpeg-d.lib(jidctflt.obj) : warning LNK4099: PDB 'vc120.pdb' was not found with 'jpeg-d.lib(jidctflt.obj)' or at 'G:\Documents\GitHub\Mortal_Kitchen\Main\src-2015\vc120.pdb'; linking object as if no debug info
     1>jpeg-d.lib(jidctfst.obj) : warning LNK4099: PDB 'vc120.pdb' was not found with 'jpeg-d.lib(jidctfst.obj)' or at 'G:\Documents\GitHub\Mortal_Kitchen\Main\src-2015\vc120.pdb'; linking object as if no debug info
     1>jpeg-d.lib(jidctint.obj) : warning LNK4099: PDB 'vc120.pdb' was not found with 'jpeg-d.lib(jidctint.obj)' or at 'G:\Documents\GitHub\Mortal_Kitchen\Main\src-2015\vc120.pdb'; linking object as if no debug info
     1>jpeg-d.lib(jidctred.obj) : warning LNK4099: PDB 'vc120.pdb' was not found with 'jpeg-d.lib(jidctred.obj)' or at 'G:\Documents\GitHub\Mortal_Kitchen\Main\src-2015\vc120.pdb'; linking object as if no debug info
     1>jpeg-d.lib(jquant1.obj) : warning LNK4099: PDB 'vc120.pdb' was not found with 'jpeg-d.lib(jquant1.obj)' or at 'G:\Documents\GitHub\Mortal_Kitchen\Main\src-2015\vc120.pdb'; linking object as if no debug info
     1>jpeg-d.lib(jquant2.obj) : warning LNK4099: PDB 'vc120.pdb' was not found with 'jpeg-d.lib(jquant2.obj)' or at 'G:\Documents\GitHub\Mortal_Kitchen\Main\src-2015\vc120.pdb'; linking object as if no debug info
     1>jpeg-d.lib(jutils.obj) : warning LNK4099: PDB 'vc120.pdb' was not found with 'jpeg-d.lib(jutils.obj)' or at 'G:\Documents\GitHub\Mortal_Kitchen\Main\src-2015\vc120.pdb'; linking object as if no debug info
     1>jpeg-d.lib(jmemmgr.obj) : warning LNK4099: PDB 'vc120.pdb' was not found with 'jpeg-d.lib(jmemmgr.obj)' or at 'G:\Documents\GitHub\Mortal_Kitchen\Main\src-2015\vc120.pdb'; linking object as if no debug info
     1>jpeg-d.lib(jmemansi.obj) : warning LNK4099: PDB 'vc120.pdb' was not found with 'jpeg-d.lib(jmemansi.obj)' or at 'G:\Documents\GitHub\Mortal_Kitchen\Main\src-2015\vc120.pdb'; linking object as if no debug info
     1>png-d.lib(png.obj) : warning LNK4099: PDB 'vc120.pdb' was not found with 'png-d.lib(png.obj)' or at 'G:\Documents\GitHub\Mortal_Kitchen\Main\src-2015\vc120.pdb'; linking object as if no debug info
     1>png-d.lib(pngerror.obj) : warning LNK4099: PDB 'vc120.pdb' was not found with 'png-d.lib(pngerror.obj)' or at 'G:\Documents\GitHub\Mortal_Kitchen\Main\src-2015\vc120.pdb'; linking object as if no debug info
     1>png-d.lib(pngget.obj) : warning LNK4099: PDB 'vc120.pdb' was not found with 'png-d.lib(pngget.obj)' or at 'G:\Documents\GitHub\Mortal_Kitchen\Main\src-2015\vc120.pdb'; linking object as if no debug info
     1>png-d.lib(pngmem.obj) : warning LNK4099: PDB 'vc120.pdb' was not found with 'png-d.lib(pngmem.obj)' or at 'G:\Documents\GitHub\Mortal_Kitchen\Main\src-2015\vc120.pdb'; linking object as if no debug info
     1>png-d.lib(pngread.obj) : warning LNK4099: PDB 'vc120.pdb' was not found with 'png-d.lib(pngread.obj)' or at 'G:\Documents\GitHub\Mortal_Kitchen\Main\src-2015\vc120.pdb'; linking object as if no debug info
     1>png-d.lib(pngrio.obj) : warning LNK4099: PDB 'vc120.pdb' was not found with 'png-d.lib(pngrio.obj)' or at 'G:\Documents\GitHub\Mortal_Kitchen\Main\src-2015\vc120.pdb'; linking object as if no debug info
     1>png-d.lib(pngrtran.obj) : warning LNK4099: PDB 'vc120.pdb' was not found with 'png-d.lib(pngrtran.obj)' or at 'G:\Documents\GitHub\Mortal_Kitchen\Main\src-2015\vc120.pdb'; linking object as if no debug info
     1>png-d.lib(pngrutil.obj) : warning LNK4099: PDB 'vc120.pdb' was not found with 'png-d.lib(pngrutil.obj)' or at 'G:\Documents\GitHub\Mortal_Kitchen\Main\src-2015\vc120.pdb'; linking object as if no debug info
     1>png-d.lib(pngset.obj) : warning LNK4099: PDB 'vc120.pdb' was not found with 'png-d.lib(pngset.obj)' or at 'G:\Documents\GitHub\Mortal_Kitchen\Main\src-2015\vc120.pdb'; linking object as if no debug info
     1>png-d.lib(pngtrans.obj) : warning LNK4099: PDB 'vc120.pdb' was not found with 'png-d.lib(pngtrans.obj)' or at 'G:\Documents\GitHub\Mortal_Kitchen\Main\src-2015\vc120.pdb'; linking object as if no debug info
     1>png-d.lib(pngwio.obj) : warning LNK4099: PDB 'vc120.pdb' was not found with 'png-d.lib(pngwio.obj)' or at 'G:\Documents\GitHub\Mortal_Kitchen\Main\src-2015\vc120.pdb'; linking object as if no debug info
     1>png-d.lib(pngwrite.obj) : warning LNK4099: PDB 'vc120.pdb' was not found with 'png-d.lib(pngwrite.obj)' or at 'G:\Documents\GitHub\Mortal_Kitchen\Main\src-2015\vc120.pdb'; linking object as if no debug info
     1>png-d.lib(pngwtran.obj) : warning LNK4099: PDB 'vc120.pdb' was not found with 'png-d.lib(pngwtran.obj)' or at 'G:\Documents\GitHub\Mortal_Kitchen\Main\src-2015\vc120.pdb'; linking object as if no debug info
     1>png-d.lib(pngwutil.obj) : warning LNK4099: PDB 'vc120.pdb' was not found with 'png-d.lib(pngwutil.obj)' or at 'G:\Documents\GitHub\Mortal_Kitchen\Main\src-2015\vc120.pdb'; linking object as if no debug info
     1>zlib-d.lib(adler32.obj) : warning LNK4099: PDB 'vc120.pdb' was not found with 'zlib-d.lib(adler32.obj)' or at 'G:\Documents\GitHub\Mortal_Kitchen\Main\src-2015\vc120.pdb'; linking object as if no debug info
     1>zlib-d.lib(inftrees.obj) : warning LNK4099: PDB 'vc120.pdb' was not found with 'zlib-d.lib(inftrees.obj)' or at 'G:\Documents\GitHub\Mortal_Kitchen\Main\src-2015\vc120.pdb'; linking object as if no debug info
     1>zlib-d.lib(compress.obj) : warning LNK4099: PDB 'vc120.pdb' was not found with 'zlib-d.lib(compress.obj)' or at 'G:\Documents\GitHub\Mortal_Kitchen\Main\src-2015\vc120.pdb'; linking object as if no debug info
     1>zlib-d.lib(zutil.obj) : warning LNK4099: PDB 'vc120.pdb' was not found with 'zlib-d.lib(zutil.obj)' or at 'G:\Documents\GitHub\Mortal_Kitchen\Main\src-2015\vc120.pdb'; linking object as if no debug info
     1>zlib-d.lib(crc32.obj) : warning LNK4099: PDB 'vc120.pdb' was not found with 'zlib-d.lib(crc32.obj)' or at 'G:\Documents\GitHub\Mortal_Kitchen\Main\src-2015\vc120.pdb'; linking object as if no debug info
     1>zlib-d.lib(deflate.obj) : warning LNK4099: PDB 'vc120.pdb' was not found with 'zlib-d.lib(deflate.obj)' or at 'G:\Documents\GitHub\Mortal_Kitchen\Main\src-2015\vc120.pdb'; linking object as if no debug info
     1>zlib-d.lib(inffast.obj) : warning LNK4099: PDB 'vc120.pdb' was not found with 'zlib-d.lib(inffast.obj)' or at 'G:\Documents\GitHub\Mortal_Kitchen\Main\src-2015\vc120.pdb'; linking object as if no debug info
     1>zlib-d.lib(inflate.obj) : warning LNK4099: PDB 'vc120.pdb' was not found with 'zlib-d.lib(inflate.obj)' or at 'G:\Documents\GitHub\Mortal_Kitchen\Main\src-2015\vc120.pdb'; linking object as if no debug info
     1>zlib-d.lib(trees.obj) : warning LNK4099: PDB 'vc120.pdb' was not found with 'zlib-d.lib(trees.obj)' or at 'G:\Documents\GitHub\Mortal_Kitchen\Main\src-2015\vc120.pdb'; linking object as if no debug info
     1>3ds-d.lib(lib3ds_atmosphere.obj) : warning LNK4099: PDB 'vc120.pdb' was not found with '3ds-d.lib(lib3ds_atmosphere.obj)' or at 'G:\Documents\GitHub\Mortal_Kitchen\Main\src-2015\vc120.pdb'; linking object as if no debug info
     1>3ds-d.lib(lib3ds_background.obj) : warning LNK4099: PDB 'vc120.pdb' was not found with '3ds-d.lib(lib3ds_background.obj)' or at 'G:\Documents\GitHub\Mortal_Kitchen\Main\src-2015\vc120.pdb'; linking object as if no debug info
     1>3ds-d.lib(lib3ds_camera.obj) : warning LNK4099: PDB 'vc120.pdb' was not found with '3ds-d.lib(lib3ds_camera.obj)' or at 'G:\Documents\GitHub\Mortal_Kitchen\Main\src-2015\vc120.pdb'; linking object as if no debug info
     1>3ds-d.lib(lib3ds_chunk.obj) : warning LNK4099: PDB 'vc120.pdb' was not found with '3ds-d.lib(lib3ds_chunk.obj)' or at 'G:\Documents\GitHub\Mortal_Kitchen\Main\src-2015\vc120.pdb'; linking object as if no debug info
     1>3ds-d.lib(lib3ds_chunktable.obj) : warning LNK4099: PDB 'vc120.pdb' was not found with '3ds-d.lib(lib3ds_chunktable.obj)' or at 'G:\Documents\GitHub\Mortal_Kitchen\Main\src-2015\vc120.pdb'; linking object as if no debug info
     1>3ds-d.lib(lib3ds_file.obj) : warning LNK4099: PDB 'vc120.pdb' was not found with '3ds-d.lib(lib3ds_file.obj)' or at 'G:\Documents\GitHub\Mortal_Kitchen\Main\src-2015\vc120.pdb'; linking object as if no debug info
     1>3ds-d.lib(lib3ds_io.obj) : warning LNK4099: PDB 'vc120.pdb' was not found with '3ds-d.lib(lib3ds_io.obj)' or at 'G:\Documents\GitHub\Mortal_Kitchen\Main\src-2015\vc120.pdb'; linking object as if no debug info
     1>3ds-d.lib(lib3ds_light.obj) : warning LNK4099: PDB 'vc120.pdb' was not found with '3ds-d.lib(lib3ds_light.obj)' or at 'G:\Documents\GitHub\Mortal_Kitchen\Main\src-2015\vc120.pdb'; linking object as if no debug info
     1>3ds-d.lib(lib3ds_material.obj) : warning LNK4099: PDB 'vc120.pdb' was not found with '3ds-d.lib(lib3ds_material.obj)' or at 'G:\Documents\GitHub\Mortal_Kitchen\Main\src-2015\vc120.pdb'; linking object as if no debug info
     1>3ds-d.lib(lib3ds_math.obj) : warning LNK4099: PDB 'vc120.pdb' was not found with '3ds-d.lib(lib3ds_math.obj)' or at 'G:\Documents\GitHub\Mortal_Kitchen\Main\src-2015\vc120.pdb'; linking object as if no debug info
     1>3ds-d.lib(lib3ds_matrix.obj) : warning LNK4099: PDB 'vc120.pdb' was not found with '3ds-d.lib(lib3ds_matrix.obj)' or at 'G:\Documents\GitHub\Mortal_Kitchen\Main\src-2015\vc120.pdb'; linking object as if no debug info
     1>3ds-d.lib(lib3ds_mesh.obj) : warning LNK4099: PDB 'vc120.pdb' was not found with '3ds-d.lib(lib3ds_mesh.obj)' or at 'G:\Documents\GitHub\Mortal_Kitchen\Main\src-2015\vc120.pdb'; linking object as if no debug info
     1>3ds-d.lib(lib3ds_node.obj) : warning LNK4099: PDB 'vc120.pdb' was not found with '3ds-d.lib(lib3ds_node.obj)' or at 'G:\Documents\GitHub\Mortal_Kitchen\Main\src-2015\vc120.pdb'; linking object as if no debug info
     1>3ds-d.lib(lib3ds_quat.obj) : warning LNK4099: PDB 'vc120.pdb' was not found with '3ds-d.lib(lib3ds_quat.obj)' or at 'G:\Documents\GitHub\Mortal_Kitchen\Main\src-2015\vc120.pdb'; linking object as if no debug info
     1>3ds-d.lib(lib3ds_shadow.obj) : warning LNK4099: PDB 'vc120.pdb' was not found with '3ds-d.lib(lib3ds_shadow.obj)' or at 'G:\Documents\GitHub\Mortal_Kitchen\Main\src-2015\vc120.pdb'; linking object as if no debug info
     1>3ds-d.lib(lib3ds_track.obj) : warning LNK4099: PDB 'vc120.pdb' was not found with '3ds-d.lib(lib3ds_track.obj)' or at 'G:\Documents\GitHub\Mortal_Kitchen\Main\src-2015\vc120.pdb'; linking object as if no debug info
     1>3ds-d.lib(lib3ds_util.obj) : warning LNK4099: PDB 'vc120.pdb' was not found with '3ds-d.lib(lib3ds_util.obj)' or at 'G:\Documents\GitHub\Mortal_Kitchen\Main\src-2015\vc120.pdb'; linking object as if no debug info
     1>3ds-d.lib(lib3ds_vector.obj) : warning LNK4099: PDB 'vc120.pdb' was not found with '3ds-d.lib(lib3ds_vector.obj)' or at 'G:\Documents\GitHub\Mortal_Kitchen\Main\src-2015\vc120.pdb'; linking object as if no debug info
     1>3ds-d.lib(lib3ds_viewport.obj) : warning LNK4099: PDB 'vc120.pdb' was not found with '3ds-d.lib(lib3ds_viewport.obj)' or at 'G:\Documents\GitHub\Mortal_Kitchen\Main\src-2015\vc120.pdb'; linking object as if no debug info
     1>tinyxml-d.lib(tinystr.obj) : warning LNK4099: PDB 'vc120.pdb' was not found with 'tinyxml-d.lib(tinystr.obj)' or at 'G:\Documents\GitHub\Mortal_Kitchen\Main\src-2015\vc120.pdb'; linking object as if no debug info
     1>tinyxml-d.lib(tinyxml.obj) : warning LNK4099: PDB 'vc120.pdb' was not found with 'tinyxml-d.lib(tinyxml.obj)' or at 'G:\Documents\GitHub\Mortal_Kitchen\Main\src-2015\vc120.pdb'; linking object as if no debug info
     1>tinyxml-d.lib(tinyxmlerror.obj) : warning LNK4099: PDB 'vc120.pdb' was not found with 'tinyxml-d.lib(tinyxmlerror.obj)' or at 'G:\Documents\GitHub\Mortal_Kitchen\Main\src-2015\vc120.pdb'; linking object as if no debug info
     1>tinyxml-d.lib(tinyxmlparser.obj) : warning LNK4099: PDB 'vc120.pdb' was not found with 'tinyxml-d.lib(tinyxmlparser.obj)' or at 'G:\Documents\GitHub\Mortal_Kitchen\Main\src-2015\vc120.pdb'; linking object as if no debug info
     1>LibSL_gl-d.lib(GLHelpers.obj) : warning LNK4099: PDB 'vc120.pdb' was not found with 'LibSL_gl-d.lib(GLHelpers.obj)' or at 'G:\Documents\GitHub\Mortal_Kitchen\Main\src-2015\vc120.pdb'; linking object as if no debug info
     1>LibSL_gl-d.lib(GPUHelpers.obj) : warning LNK4099: PDB 'vc120.pdb' was not found with 'LibSL_gl-d.lib(GPUHelpers.obj)' or at 'G:\Documents\GitHub\Mortal_Kitchen\Main\src-2015\vc120.pdb'; linking object as if no debug info
     1>LibSL_gl-d.lib(Shapes.obj) : warning LNK4099: PDB 'vc120.pdb' was not found with 'LibSL_gl-d.lib(Shapes.obj)' or at 'G:\Documents\GitHub\Mortal_Kitchen\Main\src-2015\vc120.pdb'; linking object as if no debug info
     1>LibSL_gl-d.lib(SimpleUI.obj) : warning LNK4099: PDB 'vc120.pdb' was not found with 'LibSL_gl-d.lib(SimpleUI.obj)' or at 'G:\Documents\GitHub\Mortal_Kitchen\Main\src-2015\vc120.pdb'; linking object as if no debug info
     1>glux-d.lib(gluxLoader.obj) : warning LNK4099: PDB 'vc120.pdb' was not found with 'glux-d.lib(gluxLoader.obj)' or at 'G:\Documents\GitHub\Mortal_Kitchen\Main\src-2015\vc120.pdb'; linking object as if no debug info
     1>glux-d.lib(gluxPlugin.obj) : warning LNK4099: PDB 'vc120.pdb' was not found with 'glux-d.lib(gluxPlugin.obj)' or at 'G:\Documents\GitHub\Mortal_Kitchen\Main\src-2015\vc120.pdb'; linking object as if no debug info
     1>glux-d.lib(glux.obj) : warning LNK4099: PDB 'vc120.pdb' was not found with 'glux-d.lib(glux.obj)' or at 'G:\Documents\GitHub\Mortal_Kitchen\Main\src-2015\vc120.pdb'; linking object as if no debug info
         Mortal_Kitchen.vcxproj -> G:\Documents\GitHub\Mortal_Kitchen\Main\src-2015\Mortal_Kitchen-d.exe
     1>Done Building Project "G:\Documents\GitHub\Mortal_Kitchen\Main\BUILD\src\Mortal_Kitchen\Mortal_Kitchen.vcxproj" (Rebuild target(s)).

Build succeeded.

Time Elapsed 00:00:17.51
