Build started 31/03/2015 15:07:11.
     1>Project "G:\Documents\GitHub\Mortal_Kitchen\Main\BUILD\lib\Box2D\Box2D\Box2D\Box2D.vcxproj" on node 5 (Rebuild target(s)).
     1>CustomBuild:
         Building Custom Rule G:/Documents/GitHub/Mortal_Kitchen/Main/src-2015/lib/Box2D/Box2D/Box2D/CMakeLists.txt
         CMake does not need to re-run because G:\Documents\GitHub\Mortal_Kitchen\Main\BUILD\lib\Box2D\Box2D\Box2D\CMakeFiles\generate.stamp is up-to-date.
       ClCompile:
         G:\Programmes Files\Visual Studio\VC\bin\CL.exe /c /I"G:\Documents\GitHub\Mortal_Kitchen\Main\src-2015\..\LibSL-bin-win32\src" /I"G:\Documents\GitHub\Mortal_Kitchen\Main\src-2015\..\LibSL-bin-win32\src\LibSL" /I"G:\Documents\GitHub\Mortal_Kitchen\Main\src-2015\..\LibSL-bin-win32\src\libs\src" /I"G:\Documents\GitHub\Mortal_Kitchen\Main\src-2015\..\LibSL-bin-win32\src\libs\src\loki\include" /I"G:\Documents\GitHub\Mortal_Kitchen\Main\src-2015\..\LibSL-bin-win32\src\libs\src\tclap\include" /I"G:\Documents\GitHub\Mortal_Kitchen\Main\src-2015\..\LibSL-bin-win32\src\libs\src\glux\src" /I"G:\Documents\GitHub\Mortal_Kitchen\Main\src-2015\..\LibSL-bin-win32\src\libs\src\png" /I"G:\Documents\GitHub\Mortal_Kitchen\Main\src-2015\..\LibSL-bin-win32\src\libs\src\jpeg" /I"G:\Documents\GitHub\Mortal_Kitchen\Main\src-2015\..\LibSL-bin-win32\src\libs\src\zlib" /I"G:\Documents\GitHub\Mortal_Kitchen\Main\src-2015\..\LibSL-bin-win32\src\libs\src\newmat" /I"G:\Documents\GitHub\Mortal_Kitchen\Main\src-2015\..\LibSL-bin-win32\src\libs\src\tinyxml" /I"G:\Documents\GitHub\Mortal_Kitchen\Main\src-2015\..\LibSL-bin-win32\src\libs\src\anttweakbar\include" /I"G:\Documents\GitHub\Mortal_Kitchen\Main\src-2015\..\LibSL-bin-win32\src\libs\src\OpenNL\src" /I"G:\Documents\GitHub\Mortal_Kitchen\Main\src-2015\..\LibSL-bin-win32\src\libs\bin\win32\TAUCS\include" /I"G:\Documents\GitHub\Mortal_Kitchen\Main\src-2015\..\LibSL-bin-win32\src\libs\src\SQLite" /I"G:\Documents\GitHub\Mortal_Kitchen\Main\src-2015\..\LibSL-bin-win32\src\libs\src\hashlibpp\src" /I\include /I\lib\x86 /I\Samples\C++\DXUT\Core /I"G:\Documents\GitHub\Mortal_Kitchen\Main\src-2015\common" /I"G:\Documents\GitHub\Mortal_Kitchen\Main\src-2015\lib\Box2D\Box2D\Box2D\.." /Zi /nologo /W3 /WX- /Od /Ob0 /Oy- /D WIN32 /D _WINDOWS /D _DEBUG /D USE_GLUX /D UNICODE /D _UNICODE /D TW_STATIC /D TW_NO_LIB_PRAGMA /D "DATA_PATH=\"G:/Documents/GitHub/Mortal_Kitchen/Main/src-2015/data/\"" /D "SRC_PATH=\"G:/Documents/GitHub/Mortal_Kitchen/Main/src-2015/\"" /D "CMAKE_INTDIR=\"Debug\"" /D _UNICODE /D UNICODE /Gm- /EHsc /RTC1 /MDd /GS /fp:precise /Zc:wchar_t /Zc:forScope /GR /Fo"Box2D.dir\Debug\\" /Fd"Box2D.dir\Debug\vc120.pdb" /Gd /TP /analyze- /errorReport:prompt "G:\Documents\GitHub\Mortal_Kitchen\Main\src-2015\lib\Box2D\Box2D\Box2D\Dynamics\Joints\b2DistanceJoint.cpp" "G:\Documents\GitHub\Mortal_Kitchen\Main\src-2015\lib\Box2D\Box2D\Box2D\Dynamics\Joints\b2FrictionJoint.cpp" "G:\Documents\GitHub\Mortal_Kitchen\Main\src-2015\lib\Box2D\Box2D\Box2D\Dynamics\Joints\b2GearJoint.cpp" "G:\Documents\GitHub\Mortal_Kitchen\Main\src-2015\lib\Box2D\Box2D\Box2D\Dynamics\Joints\b2Joint.cpp" "G:\Documents\GitHub\Mortal_Kitchen\Main\src-2015\lib\Box2D\Box2D\Box2D\Dynamics\Joints\b2LineJoint.cpp" "G:\Documents\GitHub\Mortal_Kitchen\Main\src-2015\lib\Box2D\Box2D\Box2D\Dynamics\Joints\b2MouseJoint.cpp" "G:\Documents\GitHub\Mortal_Kitchen\Main\src-2015\lib\Box2D\Box2D\Box2D\Dynamics\Joints\b2PrismaticJoint.cpp" "G:\Documents\GitHub\Mortal_Kitchen\Main\src-2015\lib\Box2D\Box2D\Box2D\Dynamics\Joints\b2PulleyJoint.cpp" "G:\Documents\GitHub\Mortal_Kitchen\Main\src-2015\lib\Box2D\Box2D\Box2D\Dynamics\Joints\b2RevoluteJoint.cpp" "G:\Documents\GitHub\Mortal_Kitchen\Main\src-2015\lib\Box2D\Box2D\Box2D\Dynamics\Joints\b2WeldJoint.cpp" "G:\Documents\GitHub\Mortal_Kitchen\Main\src-2015\lib\Box2D\Box2D\Box2D\Dynamics\Contacts\b2CircleContact.cpp" "G:\Documents\GitHub\Mortal_Kitchen\Main\src-2015\lib\Box2D\Box2D\Box2D\Dynamics\Contacts\b2Contact.cpp" "G:\Documents\GitHub\Mortal_Kitchen\Main\src-2015\lib\Box2D\Box2D\Box2D\Dynamics\Contacts\b2ContactSolver.cpp" "G:\Documents\GitHub\Mortal_Kitchen\Main\src-2015\lib\Box2D\Box2D\Box2D\Dynamics\Contacts\b2PolygonAndCircleContact.cpp" "G:\Documents\GitHub\Mortal_Kitchen\Main\src-2015\lib\Box2D\Box2D\Box2D\Dynamics\Contacts\b2PolygonContact.cpp" "G:\Documents\GitHub\Mortal_Kitchen\Main\src-2015\lib\Box2D\Box2D\Box2D\Dynamics\Contacts\b2TOISolver.cpp" "G:\Documents\GitHub\Mortal_Kitchen\Main\src-2015\lib\Box2D\Box2D\Box2D\Dynamics\b2Body.cpp" "G:\Documents\GitHub\Mortal_Kitchen\Main\src-2015\lib\Box2D\Box2D\Box2D\Dynamics\b2ContactManager.cpp" "G:\Documents\GitHub\Mortal_Kitchen\Main\src-2015\lib\Box2D\Box2D\Box2D\Dynamics\b2Fixture.cpp" "G:\Documents\GitHub\Mortal_Kitchen\Main\src-2015\lib\Box2D\Box2D\Box2D\Dynamics\b2Island.cpp" "G:\Documents\GitHub\Mortal_Kitchen\Main\src-2015\lib\Box2D\Box2D\Box2D\Dynamics\b2World.cpp" "G:\Documents\GitHub\Mortal_Kitchen\Main\src-2015\lib\Box2D\Box2D\Box2D\Dynamics\b2WorldCallbacks.cpp" "G:\Documents\GitHub\Mortal_Kitchen\Main\src-2015\lib\Box2D\Box2D\Box2D\Common\b2BlockAllocator.cpp" "G:\Documents\GitHub\Mortal_Kitchen\Main\src-2015\lib\Box2D\Box2D\Box2D\Common\b2Math.cpp" "G:\Documents\GitHub\Mortal_Kitchen\Main\src-2015\lib\Box2D\Box2D\Box2D\Common\b2Settings.cpp" "G:\Documents\GitHub\Mortal_Kitchen\Main\src-2015\lib\Box2D\Box2D\Box2D\Common\b2StackAllocator.cpp" "G:\Documents\GitHub\Mortal_Kitchen\Main\src-2015\lib\Box2D\Box2D\Box2D\Collision\Shapes\b2CircleShape.cpp" "G:\Documents\GitHub\Mortal_Kitchen\Main\src-2015\lib\Box2D\Box2D\Box2D\Collision\Shapes\b2PolygonShape.cpp" "G:\Documents\GitHub\Mortal_Kitchen\Main\src-2015\lib\Box2D\Box2D\Box2D\Collision\b2BroadPhase.cpp" "G:\Documents\GitHub\Mortal_Kitchen\Main\src-2015\lib\Box2D\Box2D\Box2D\Collision\b2CollideCircle.cpp" "G:\Documents\GitHub\Mortal_Kitchen\Main\src-2015\lib\Box2D\Box2D\Box2D\Collision\b2CollidePolygon.cpp" "G:\Documents\GitHub\Mortal_Kitchen\Main\src-2015\lib\Box2D\Box2D\Box2D\Collision\b2Collision.cpp" "G:\Documents\GitHub\Mortal_Kitchen\Main\src-2015\lib\Box2D\Box2D\Box2D\Collision\b2Distance.cpp" "G:\Documents\GitHub\Mortal_Kitchen\Main\src-2015\lib\Box2D\Box2D\Box2D\Collision\b2DynamicTree.cpp" "G:\Documents\GitHub\Mortal_Kitchen\Main\src-2015\lib\Box2D\Box2D\Box2D\Collision\b2TimeOfImpact.cpp"
         b2DistanceJoint.cpp
         b2FrictionJoint.cpp
         b2GearJoint.cpp
         b2Joint.cpp
         b2LineJoint.cpp
         b2MouseJoint.cpp
         b2PrismaticJoint.cpp
         b2PulleyJoint.cpp
         b2RevoluteJoint.cpp
         b2WeldJoint.cpp
         b2CircleContact.cpp
         b2Contact.cpp
         b2ContactSolver.cpp
         b2PolygonAndCircleContact.cpp
         b2PolygonContact.cpp
         b2TOISolver.cpp
         b2Body.cpp
         b2ContactManager.cpp
         b2Fixture.cpp
         b2Island.cpp
         Generating Code...
         Compiling...
         b2World.cpp
         b2WorldCallbacks.cpp
         b2BlockAllocator.cpp
         b2Math.cpp
         b2Settings.cpp
         b2StackAllocator.cpp
         b2CircleShape.cpp
         b2PolygonShape.cpp
         b2BroadPhase.cpp
         b2CollideCircle.cpp
         b2CollidePolygon.cpp
         b2Collision.cpp
         b2Distance.cpp
         b2DynamicTree.cpp
         b2TimeOfImpact.cpp
         Generating Code...
       Lib:
         G:\Programmes Files\Visual Studio\VC\bin\Lib.exe /OUT:"G:\Documents\GitHub\Mortal_Kitchen\Main\BUILD\lib\Box2D\Box2D\Box2D\Debug\Box2D-d.lib" /NOLOGO Box2D.dir\Debug\b2DistanceJoint.obj
         Box2D.dir\Debug\b2FrictionJoint.obj
         Box2D.dir\Debug\b2GearJoint.obj
         Box2D.dir\Debug\b2Joint.obj
         Box2D.dir\Debug\b2LineJoint.obj
         Box2D.dir\Debug\b2MouseJoint.obj
         Box2D.dir\Debug\b2PrismaticJoint.obj
         Box2D.dir\Debug\b2PulleyJoint.obj
         Box2D.dir\Debug\b2RevoluteJoint.obj
         Box2D.dir\Debug\b2WeldJoint.obj
         Box2D.dir\Debug\b2CircleContact.obj
         Box2D.dir\Debug\b2Contact.obj
         Box2D.dir\Debug\b2ContactSolver.obj
         Box2D.dir\Debug\b2PolygonAndCircleContact.obj
         Box2D.dir\Debug\b2PolygonContact.obj
         Box2D.dir\Debug\b2TOISolver.obj
         Box2D.dir\Debug\b2Body.obj
         Box2D.dir\Debug\b2ContactManager.obj
         Box2D.dir\Debug\b2Fixture.obj
         Box2D.dir\Debug\b2Island.obj
         Box2D.dir\Debug\b2World.obj
         Box2D.dir\Debug\b2WorldCallbacks.obj
         Box2D.dir\Debug\b2BlockAllocator.obj
         Box2D.dir\Debug\b2Math.obj
         Box2D.dir\Debug\b2Settings.obj
         Box2D.dir\Debug\b2StackAllocator.obj
         Box2D.dir\Debug\b2CircleShape.obj
         Box2D.dir\Debug\b2PolygonShape.obj
         Box2D.dir\Debug\b2BroadPhase.obj
         Box2D.dir\Debug\b2CollideCircle.obj
         Box2D.dir\Debug\b2CollidePolygon.obj
         Box2D.dir\Debug\b2Collision.obj
         Box2D.dir\Debug\b2Distance.obj
         Box2D.dir\Debug\b2DynamicTree.obj
         Box2D.dir\Debug\b2TimeOfImpact.obj
         Box2D.vcxproj -> G:\Documents\GitHub\Mortal_Kitchen\Main\BUILD\lib\Box2D\Box2D\Box2D\Debug\Box2D-d.lib
     1>Done Building Project "G:\Documents\GitHub\Mortal_Kitchen\Main\BUILD\lib\Box2D\Box2D\Box2D\Box2D.vcxproj" (Rebuild target(s)).

Build succeeded.

Time Elapsed 00:00:07.80
