g:\documents\github\mortal_kitchen\main\build\lib\luabind\luabind.dir\debug\vc120.pdb
g:\documents\github\mortal_kitchen\main\build\lib\luabind\luabind.dir\debug\wrapper_base.obj
g:\documents\github\mortal_kitchen\main\build\lib\luabind\luabind.dir\debug\weak_ref.obj
g:\documents\github\mortal_kitchen\main\build\lib\luabind\luabind.dir\debug\stack_content_by_name.obj
g:\documents\github\mortal_kitchen\main\build\lib\luabind\luabind.dir\debug\scope.obj
g:\documents\github\mortal_kitchen\main\build\lib\luabind\luabind.dir\debug\pcall.obj
g:\documents\github\mortal_kitchen\main\build\lib\luabind\luabind.dir\debug\open.obj
g:\documents\github\mortal_kitchen\main\build\lib\luabind\luabind.dir\debug\object_rep.obj
g:\documents\github\mortal_kitchen\main\build\lib\luabind\luabind.dir\debug\link_compatibility.obj
g:\documents\github\mortal_kitchen\main\build\lib\luabind\luabind.dir\debug\inheritance.obj
g:\documents\github\mortal_kitchen\main\build\lib\luabind\luabind.dir\debug\function.obj
g:\documents\github\mortal_kitchen\main\build\lib\luabind\luabind.dir\debug\exception_handler.obj
g:\documents\github\mortal_kitchen\main\build\lib\luabind\luabind.dir\debug\error.obj
g:\documents\github\mortal_kitchen\main\build\lib\luabind\luabind.dir\debug\create_class.obj
g:\documents\github\mortal_kitchen\main\build\lib\luabind\luabind.dir\debug\class_rep.obj
g:\documents\github\mortal_kitchen\main\build\lib\luabind\luabind.dir\debug\class_registry.obj
g:\documents\github\mortal_kitchen\main\build\lib\luabind\luabind.dir\debug\class_info.obj
g:\documents\github\mortal_kitchen\main\build\lib\luabind\luabind.dir\debug\class.obj
g:\documents\github\mortal_kitchen\main\build\lib\luabind\cmakefiles\generate.stamp
g:\documents\github\mortal_kitchen\main\build\lib\luabind\debug\luabind-d.lib
g:\documents\github\mortal_kitchen\main\build\lib\luabind\luabind.dir\debug\luabind.tlog\cl.command.1.tlog
g:\documents\github\mortal_kitchen\main\build\lib\luabind\luabind.dir\debug\luabind.tlog\cl.read.1.tlog
g:\documents\github\mortal_kitchen\main\build\lib\luabind\luabind.dir\debug\luabind.tlog\cl.write.1.tlog
g:\documents\github\mortal_kitchen\main\build\lib\luabind\luabind.dir\debug\luabind.tlog\custombuild.command.1.tlog
g:\documents\github\mortal_kitchen\main\build\lib\luabind\luabind.dir\debug\luabind.tlog\custombuild.read.1.tlog
g:\documents\github\mortal_kitchen\main\build\lib\luabind\luabind.dir\debug\luabind.tlog\custombuild.write.1.tlog
g:\documents\github\mortal_kitchen\main\build\lib\luabind\luabind.dir\debug\luabind.tlog\lib-link.read.1.tlog
g:\documents\github\mortal_kitchen\main\build\lib\luabind\luabind.dir\debug\luabind.tlog\lib-link.write.1.tlog
g:\documents\github\mortal_kitchen\main\build\lib\luabind\luabind.dir\debug\luabind.tlog\lib.command.1.tlog
