Build started 31/03/2015 15:07:11.
     1>Project "G:\Documents\GitHub\Mortal_Kitchen\Main\BUILD\common\common.vcxproj" on node 2 (Rebuild target(s)).
     1>CustomBuild:
         Building Custom Rule G:/Documents/GitHub/Mortal_Kitchen/Main/src-2015/common/CMakeLists.txt
         CMake does not need to re-run because G:\Documents\GitHub\Mortal_Kitchen\Main\BUILD\common\CMakeFiles\generate.stamp is up-to-date.
         AutoBindShader
         G:/Documents/GitHub/Mortal_Kitchen/Main/src-2015/common/drawimage_sh.fp
          [AutoBindShader] - v0.2 - 2015-03-31 15:07 <drawimage_sh>  
          [AutoBindShader] including 'G:\Documents\GitHub\Mortal_Kitchen\Main\src-2015\common\drawimage_sh.vp'
          [AutoBindShader] parsing   'G:\Documents\GitHub\Mortal_Kitchen\Main\src-2015\common\drawimage_sh.vp'
          [AutoBindShader] including 'G:\Documents\GitHub\Mortal_Kitchen\Main\src-2015\common\drawimage_sh.fp'
          [AutoBindShader] parsing   'G:\Documents\GitHub\Mortal_Kitchen\Main\src-2015\common\drawimage_sh.fp'
          [AutoBindShader] success, generated <drawimage_sh.h>
       ClCompile:
         G:\Programmes Files\Visual Studio\VC\bin\CL.exe /c /I"G:\Documents\GitHub\Mortal_Kitchen\Main\src-2015\..\LibSL-bin-win32\src" /I"G:\Documents\GitHub\Mortal_Kitchen\Main\src-2015\..\LibSL-bin-win32\src\LibSL" /I"G:\Documents\GitHub\Mortal_Kitchen\Main\src-2015\..\LibSL-bin-win32\src\libs\src" /I"G:\Documents\GitHub\Mortal_Kitchen\Main\src-2015\..\LibSL-bin-win32\src\libs\src\loki\include" /I"G:\Documents\GitHub\Mortal_Kitchen\Main\src-2015\..\LibSL-bin-win32\src\libs\src\tclap\include" /I"G:\Documents\GitHub\Mortal_Kitchen\Main\src-2015\..\LibSL-bin-win32\src\libs\src\glux\src" /I"G:\Documents\GitHub\Mortal_Kitchen\Main\src-2015\..\LibSL-bin-win32\src\libs\src\png" /I"G:\Documents\GitHub\Mortal_Kitchen\Main\src-2015\..\LibSL-bin-win32\src\libs\src\jpeg" /I"G:\Documents\GitHub\Mortal_Kitchen\Main\src-2015\..\LibSL-bin-win32\src\libs\src\zlib" /I"G:\Documents\GitHub\Mortal_Kitchen\Main\src-2015\..\LibSL-bin-win32\src\libs\src\newmat" /I"G:\Documents\GitHub\Mortal_Kitchen\Main\src-2015\..\LibSL-bin-win32\src\libs\src\tinyxml" /I"G:\Documents\GitHub\Mortal_Kitchen\Main\src-2015\..\LibSL-bin-win32\src\libs\src\anttweakbar\include" /I"G:\Documents\GitHub\Mortal_Kitchen\Main\src-2015\..\LibSL-bin-win32\src\libs\src\OpenNL\src" /I"G:\Documents\GitHub\Mortal_Kitchen\Main\src-2015\..\LibSL-bin-win32\src\libs\bin\win32\TAUCS\include" /I"G:\Documents\GitHub\Mortal_Kitchen\Main\src-2015\..\LibSL-bin-win32\src\libs\src\SQLite" /I"G:\Documents\GitHub\Mortal_Kitchen\Main\src-2015\..\LibSL-bin-win32\src\libs\src\hashlibpp\src" /I\include /I\lib\x86 /I\Samples\C++\DXUT\Core /I"G:\Documents\GitHub\Mortal_Kitchen\Main\src-2015\common" /IG:\Documents\GitHub\Mortal_Kitchen\Main\BUILD\common /Zi /nologo /W3 /WX- /Od /Ob0 /Oy- /D WIN32 /D _WINDOWS /D _DEBUG /D USE_GLUX /D UNICODE /D _UNICODE /D TW_STATIC /D TW_NO_LIB_PRAGMA /D "DATA_PATH=\"G:/Documents/GitHub/Mortal_Kitchen/Main/src-2015\"" /D "CMAKE_INTDIR=\"Debug\"" /D _UNICODE /D UNICODE /Gm- /EHsc /RTC1 /MDd /GS /fp:precise /Zc:wchar_t /Zc:forScope /GR /Fo"common.dir\Debug\\" /Fd"common.dir\Debug\vc120.pdb" /Gd /TP /analyze- /errorReport:prompt "G:\Documents\GitHub\Mortal_Kitchen\Main\src-2015\common\base.cpp" "G:\Documents\GitHub\Mortal_Kitchen\Main\src-2015\common\drawimage.cpp"
         base.cpp
         drawimage.cpp
         Generating Code...
       Lib:
         G:\Programmes Files\Visual Studio\VC\bin\Lib.exe /OUT:"G:\Documents\GitHub\Mortal_Kitchen\Main\BUILD\common\Debug\common.lib" /NOLOGO common.dir\Debug\base.obj
         common.dir\Debug\drawimage.obj
         common.vcxproj -> G:\Documents\GitHub\Mortal_Kitchen\Main\BUILD\common\Debug\common.lib
     1>Done Building Project "G:\Documents\GitHub\Mortal_Kitchen\Main\BUILD\common\common.vcxproj" (Rebuild target(s)).

Build succeeded.

Time Elapsed 00:00:05.55
